#
# There is insufficient memory for the Java Runtime Environment to continue.
# Native memory allocation (malloc) failed to allocate 1497616 bytes for Chunk::new
# Possible reasons:
#   The system is out of physical RAM or swap space
#   In 32 bit mode, the process size limit was hit
# Possible solutions:
#   Reduce memory load on the system
#   Increase physical memory or swap space
#   Check if swap backing store is full
#   Use 64 bit Java on a 64 bit OS
#   Decrease Java heap size (-Xmx/-Xms)
#   Decrease number of Java threads
#   Decrease Java thread stack sizes (-Xss)
#   Set larger code cache with -XX:ReservedCodeCacheSize=
# This output file may be truncated or incomplete.
#
#  Out of Memory Error (allocation.cpp:390), pid=9588, tid=9748
#
# JRE version: Java(TM) SE Runtime Environment (8.0_65-b17) (build 1.8.0_65-b17)
# Java VM: Java HotSpot(TM) 64-Bit Server VM (25.65-b01 mixed mode windows-amd64 compressed oops)
# Failed to write core dump. Minidumps are not enabled by default on client versions of Windows
#

---------------  T H R E A D  ---------------

Current thread (0x00000000150aa800):  JavaThread "C2 CompilerThread1" daemon [_thread_in_native, id=9748, stack(0x00000000169b0000,0x0000000016ab0000)]

Stack: [0x00000000169b0000,0x0000000016ab0000]
[error occurred during error reporting (printing stack bounds), id 0xc0000005]

Native frames: (J=compiled Java code, j=interpreted, Vv=VM code, C=native code)


Current CompileTask:
C2:  14050 1745   !   4       com.android.dx.cf.cst.ConstantPoolParser::parse0 (731 bytes)


---------------  P R O C E S S  ---------------

Java Threads: ( => current thread )
  0x0000000016fdf000 JavaThread "pool-1-thread-4" [_thread_blocked, id=9804, stack(0x00000000180e0000,0x00000000181e0000)]
  0x0000000016fde000 JavaThread "pool-1-thread-3" [_thread_blocked, id=9800, stack(0x0000000017f50000,0x0000000018050000)]
  0x0000000016fdc800 JavaThread "pool-1-thread-2" [_thread_in_Java, id=9796, stack(0x0000000017dd0000,0x0000000017ed0000)]
  0x0000000016fda000 JavaThread "pool-2-thread-1" [_thread_blocked, id=9792, stack(0x0000000017cc0000,0x0000000017dc0000)]
  0x000000001710a800 JavaThread "pool-1-thread-1" [_thread_blocked, id=9788, stack(0x0000000017ab0000,0x0000000017bb0000)]
  0x0000000016d20800 JavaThread "Service Thread" daemon [_thread_blocked, id=9756, stack(0x00000000171a0000,0x00000000172a0000)]
  0x00000000150ab800 JavaThread "C1 CompilerThread2" daemon [_thread_blocked, id=9752, stack(0x0000000016c20000,0x0000000016d20000)]
=>0x00000000150aa800 JavaThread "C2 CompilerThread1" daemon [_thread_in_native, id=9748, stack(0x00000000169b0000,0x0000000016ab0000)]
  0x00000000150a6000 JavaThread "C2 CompilerThread0" daemon [_thread_in_native, id=9744, stack(0x0000000016860000,0x0000000016960000)]
  0x00000000150a2800 JavaThread "Attach Listener" daemon [_thread_blocked, id=9740, stack(0x0000000016670000,0x0000000016770000)]
  0x00000000150a1800 JavaThread "Signal Dispatcher" daemon [_thread_blocked, id=9736, stack(0x0000000016410000,0x0000000016510000)]
  0x0000000015041800 JavaThread "Finalizer" daemon [_thread_blocked, id=9732, stack(0x0000000016210000,0x0000000016310000)]
  0x0000000015040000 JavaThread "Reference Handler" daemon [_thread_blocked, id=9728, stack(0x0000000015eb0000,0x0000000015fb0000)]
  0x00000000020ef800 JavaThread "main" [_thread_blocked, id=9700, stack(0x0000000002380000,0x0000000002480000)]

Other Threads:
  0x000000001503a800 VMThread [stack: 0x0000000016070000,0x0000000016170000] [id=9724]
  0x0000000016db3000 WatcherThread [stack: 0x0000000016530000,0x0000000016630000] [id=9784]

VM state:not at safepoint (normal execution)

VM Mutex/Monitor currently owned by a thread: None

Heap:
 PSYoungGen      total 51712K, used 6819K [0x00000000eab00000, 0x00000000f1000000, 0x0000000100000000)
  eden space 48128K, 6% used [0x00000000eab00000,0x00000000eae2ae78,0x00000000eda00000)
  from space 3584K, 99% used [0x00000000eda00000,0x00000000edd7dfc0,0x00000000edd80000)
  to   space 3584K, 0% used [0x00000000f0c80000,0x00000000f0c80000,0x00000000f1000000)
 ParOldGen       total 62976K, used 11955K [0x00000000c0000000, 0x00000000c3d80000, 0x00000000eab00000)
  object space 62976K, 18% used [0x00000000c0000000,0x00000000c0bacca0,0x00000000c3d80000)
 Metaspace       used 6242K, capacity 7088K, committed 7296K, reserved 1056768K
  class space    used 603K, capacity 616K, committed 640K, reserved 1048576K

Card table byte_map: [0x0000000011b10000,0x0000000011d20000] byte_map_base: 0x0000000011510000

Marking Bits: (ParMarkBitMap*) 0x00000000587da5b0
 Begin Bits: [0x00000000124b0000, 0x00000000134b0000)
 End Bits:   [0x00000000134b0000, 0x00000000144b0000)

Polling page: 0x0000000000140000

CodeCache: size=245760Kb used=8087Kb max_used=8099Kb free=237672Kb
 bounds [0x0000000002750000, 0x0000000002f50000, 0x0000000011750000]
 total_blobs=2035 nmethods=1766 adapters=182
 compilation: enabled

Compilation events (10 events):
Event: 13.794 Thread 0x00000000150a6000 nmethod 1770 0x0000000002f34810 code [0x0000000002f34a00, 0x0000000002f35840]
Event: 13.821 Thread 0x00000000150a6000 1774       4       com.android.dx.ssa.back.SsaToRop::removePhiFunctions (83 bytes)
Event: 13.934 Thread 0x00000000150a6000 nmethod 1774 0x0000000002f3ead0 code [0x0000000002f3ecc0, 0x0000000002f3ff98]
Event: 13.934 Thread 0x00000000150a6000 1775       4       com.android.dx.util.BitIntSet$1::next (42 bytes)
Event: 13.937 Thread 0x00000000150a6000 nmethod 1775 0x0000000002f23710 code [0x0000000002f23860, 0x0000000002f23998]
Event: 13.962 Thread 0x00000000150a6000 1776       4       com.android.dx.util.ByteArray::getInt (47 bytes)
Event: 13.964 Thread 0x00000000150a6000 nmethod 1776 0x0000000002f23290 code [0x0000000002f233e0, 0x0000000002f23558]
Event: 13.965 Thread 0x00000000150ab800 1777       3       com.android.dx.ssa.LiteralOpUpgrader::isConstIntZeroOrKnownNull (34 bytes)
Event: 13.965 Thread 0x00000000150ab800 nmethod 1777 0x0000000002f24810 code [0x0000000002f249a0, 0x0000000002f24ea8]
Event: 14.024 Thread 0x00000000150ab800 1778       1       com.android.dx.rop.cst.CstLiteral32::isCategory2 (2 bytes)

GC Heap History (6 events):
Event: 3.969 GC heap before
{Heap before GC invocations=1 (full 0):
 PSYoungGen      total 27648K, used 24064K [0x00000000eab00000, 0x00000000ec980000, 0x0000000100000000)
  eden space 24064K, 100% used [0x00000000eab00000,0x00000000ec280000,0x00000000ec280000)
  from space 3584K, 0% used [0x00000000ec600000,0x00000000ec600000,0x00000000ec980000)
  to   space 3584K, 0% used [0x00000000ec280000,0x00000000ec280000,0x00000000ec600000)
 ParOldGen       total 62976K, used 0K [0x00000000c0000000, 0x00000000c3d80000, 0x00000000eab00000)
  object space 62976K, 0% used [0x00000000c0000000,0x00000000c0000000,0x00000000c3d80000)
 Metaspace       used 5913K, capacity 6832K, committed 7040K, reserved 1056768K
  class space    used 601K, capacity 616K, committed 640K, reserved 1048576K
Event: 4.085 GC heap after
Heap after GC invocations=1 (full 0):
 PSYoungGen      total 27648K, used 3572K [0x00000000eab00000, 0x00000000ee100000, 0x0000000100000000)
  eden space 24064K, 0% used [0x00000000eab00000,0x00000000eab00000,0x00000000ec280000)
  from space 3584K, 99% used [0x00000000ec280000,0x00000000ec5fd2e0,0x00000000ec600000)
  to   space 3584K, 0% used [0x00000000edd80000,0x00000000edd80000,0x00000000ee100000)
 ParOldGen       total 62976K, used 1294K [0x00000000c0000000, 0x00000000c3d80000, 0x00000000eab00000)
  object space 62976K, 2% used [0x00000000c0000000,0x00000000c0143b50,0x00000000c3d80000)
 Metaspace       used 5913K, capacity 6832K, committed 7040K, reserved 1056768K
  class space    used 601K, capacity 616K, committed 640K, reserved 1048576K
}
Event: 6.535 GC heap before
{Heap before GC invocations=2 (full 0):
 PSYoungGen      total 27648K, used 27636K [0x00000000eab00000, 0x00000000ee100000, 0x0000000100000000)
  eden space 24064K, 100% used [0x00000000eab00000,0x00000000ec280000,0x00000000ec280000)
  from space 3584K, 99% used [0x00000000ec280000,0x00000000ec5fd2e0,0x00000000ec600000)
  to   space 3584K, 0% used [0x00000000edd80000,0x00000000edd80000,0x00000000ee100000)
 ParOldGen       total 62976K, used 1294K [0x00000000c0000000, 0x00000000c3d80000, 0x00000000eab00000)
  object space 62976K, 2% used [0x00000000c0000000,0x00000000c0143b50,0x00000000c3d80000)
 Metaspace       used 6087K, capacity 7024K, committed 7296K, reserved 1056768K
  class space    used 602K, capacity 616K, committed 640K, reserved 1048576K
Event: 6.799 GC heap after
Heap after GC invocations=2 (full 0):
 PSYoungGen      total 51712K, used 3554K [0x00000000eab00000, 0x00000000ee100000, 0x0000000100000000)
  eden space 48128K, 0% used [0x00000000eab00000,0x00000000eab00000,0x00000000eda00000)
  from space 3584K, 99% used [0x00000000edd80000,0x00000000ee0f8938,0x00000000ee100000)
  to   space 3584K, 0% used [0x00000000eda00000,0x00000000eda00000,0x00000000edd80000)
 ParOldGen       total 62976K, used 4352K [0x00000000c0000000, 0x00000000c3d80000, 0x00000000eab00000)
  object space 62976K, 6% used [0x00000000c0000000,0x00000000c0440278,0x00000000c3d80000)
 Metaspace       used 6087K, capacity 7024K, committed 7296K, reserved 1056768K
  class space    used 602K, capacity 616K, committed 640K, reserved 1048576K
}
Event: 13.308 GC heap before
{Heap before GC invocations=3 (full 0):
 PSYoungGen      total 51712K, used 51682K [0x00000000eab00000, 0x00000000ee100000, 0x0000000100000000)
  eden space 48128K, 100% used [0x00000000eab00000,0x00000000eda00000,0x00000000eda00000)
  from space 3584K, 99% used [0x00000000edd80000,0x00000000ee0f8938,0x00000000ee100000)
  to   space 3584K, 0% used [0x00000000eda00000,0x00000000eda00000,0x00000000edd80000)
 ParOldGen       total 62976K, used 4352K [0x00000000c0000000, 0x00000000c3d80000, 0x00000000eab00000)
  object space 62976K, 6% used [0x00000000c0000000,0x00000000c0440278,0x00000000c3d80000)
 Metaspace       used 6239K, capacity 7088K, committed 7296K, reserved 1056768K
  class space    used 603K, capacity 616K, committed 640K, reserved 1048576K
Event: 13.612 GC heap after
Heap after GC invocations=3 (full 0):
 PSYoungGen      total 51712K, used 3575K [0x00000000eab00000, 0x00000000f1000000, 0x0000000100000000)
  eden space 48128K, 0% used [0x00000000eab00000,0x00000000eab00000,0x00000000eda00000)
  from space 3584K, 99% used [0x00000000eda00000,0x00000000edd7dfc0,0x00000000edd80000)
  to   space 3584K, 0% used [0x00000000f0c80000,0x00000000f0c80000,0x00000000f1000000)
 ParOldGen       total 62976K, used 11955K [0x00000000c0000000, 0x00000000c3d80000, 0x00000000eab00000)
  object space 62976K, 18% used [0x00000000c0000000,0x00000000c0bacca0,0x00000000c3d80000)
 Metaspace       used 6239K, capacity 7088K, committed 7296K, reserved 1056768K
  class space    used 603K, capacity 616K, committed 640K, reserved 1048576K
}

Deoptimization events (10 events):
Event: 11.033 Thread 0x000000001710a800 Uncommon trap: reason=bimorphic action=maybe_recompile pc=0x0000000002dca9d4 method=com.android.dx.ssa.SCCP.setLatticeValueTo(IILcom/android/dx/rop/cst/Constant;)Z @ 43
Event: 11.036 Thread 0x000000001710a800 Uncommon trap: reason=bimorphic action=maybe_recompile pc=0x0000000002dca9d4 method=com.android.dx.ssa.SCCP.setLatticeValueTo(IILcom/android/dx/rop/cst/Constant;)Z @ 43
Event: 11.153 Thread 0x000000001710a800 Uncommon trap: reason=class_check action=maybe_recompile pc=0x0000000002d189dc method=com.android.dx.rop.code.RegisterSpec.withSimpleType()Lcom/android/dx/rop/code/RegisterSpec; @ 21
Event: 11.155 Thread 0x000000001710a800 Uncommon trap: reason=class_check action=maybe_recompile pc=0x0000000002d189dc method=com.android.dx.rop.code.RegisterSpec.withSimpleType()Lcom/android/dx/rop/code/RegisterSpec; @ 21
Event: 11.558 Thread 0x000000001710a800 Uncommon trap: reason=unstable_if action=reinterpret pc=0x0000000002d7671c method=com.android.dx.rop.code.LocalVariableInfo.mergeStarts(ILcom/android/dx/rop/code/RegisterSpecSet;)Z @ 31
Event: 11.974 Thread 0x0000000016fdc800 Uncommon trap: reason=unstable_if action=reinterpret pc=0x0000000002c8a6dc method=com.android.dx.ssa.SCCP.simulateStmt(Lcom/android/dx/ssa/SsaInsn;)V @ 53
Event: 12.961 Thread 0x0000000016fdc800 Uncommon trap: reason=unstable_if action=reinterpret pc=0x0000000002ea5b58 method=com.android.dx.cf.code.Ropper.processBlock(Lcom/android/dx/cf/code/ByteBlock;Lcom/android/dx/cf/code/Frame;[I)V @ 413
Event: 12.961 Thread 0x0000000016fdc800 Uncommon trap: reason=unstable_if action=reinterpret pc=0x0000000002c25e2c method=com.android.dx.util.IntList.binarysearch(I)I @ 105
Event: 12.961 Thread 0x0000000016fdc800 Uncommon trap: reason=unstable_if action=reinterpret pc=0x0000000002d4b0a0 method=com.android.dx.ssa.SsaBasicBlock.newFromRop(Lcom/android/dx/rop/code/RopMethod;ILcom/android/dx/ssa/SsaMethod;)Lcom/android/dx/ssa/SsaBasicBlock; @ 164
Event: 12.963 Thread 0x0000000016fdc800 Uncommon trap: reason=unstable_if action=reinterpret pc=0x0000000002d31b54 method=com.android.dx.ssa.SsaMethod.blockIndexToRopLabel(I)I @ 1

Internal exceptions (2 events):
Event: 1.053 Thread 0x00000000020ef800 Exception <a 'java/lang/NoSuchMethodError': Method sun.misc.Unsafe.defineClass(Ljava/lang/String;[BII)Ljava/lang/Class; name or signature does not match> (0x00000000eab0da98) thrown at [C:\workspace\8-2-build-windows-amd64-cygwin\jdk8u65\4987\hotspot\src\sèË¡³×ð?
Event: 1.053 Thread 0x00000000020ef800 Exception <a 'java/lang/NoSuchMethodError': Method sun.misc.Unsafe.prefetchRead(Ljava/lang/Object;J)V name or signature does not match> (0x00000000eab0dd80) thrown at [C:\workspace\8-2-build-windows-amd64-cygwin\jdk8u65\4987\hotspot\src\share\vm\prims\jni.

Events (10 events):
Event: 12.961 Thread 0x0000000016fdc800 DEOPT PACKING pc=0x0000000002c25e2c sp=0x0000000017ecec10
Event: 12.961 Thread 0x0000000016fdc800 DEOPT UNPACKING pc=0x000000000279582a sp=0x0000000017eceb88 mode 2
Event: 12.961 Thread 0x0000000016fdc800 Uncommon trap: trap_request=0xffffff65 fr.pc=0x0000000002d4b0a0
Event: 12.961 Thread 0x0000000016fdc800 DEOPT PACKING pc=0x0000000002d4b0a0 sp=0x0000000017eceb30
Event: 12.961 Thread 0x0000000016fdc800 DEOPT UNPACKING pc=0x000000000279582a sp=0x0000000017eceb28 mode 2
Event: 12.963 Thread 0x0000000016fdc800 Uncommon trap: trap_request=0xffffff65 fr.pc=0x0000000002d31b54
Event: 12.963 Thread 0x0000000016fdc800 DEOPT PACKING pc=0x0000000002d31b54 sp=0x0000000017eceb20
Event: 12.963 Thread 0x0000000016fdc800 DEOPT UNPACKING pc=0x000000000279582a sp=0x0000000017ecea48 mode 2
Event: 13.308 Executing VM operation: ParallelGCFailedAllocation
Event: 13.612 Executing VM operation: ParallelGCFailedAllocation done


Dynamic libraries:
0x000000013faf0000 - 0x000000013fb27000 	C:\Program Files\Java\jdk1.8.0_65\bin\java.exe
0x0000000077550000 - 0x00000000776f9000 	C:\Windows\SYSTEM32\ntdll.dll
0x0000000077430000 - 0x000000007754f000 	C:\Windows\system32\kernel32.dll
0x000007fefd3d0000 - 0x000007fefd43c000 	C:\Windows\system32\KERNELBASE.dll
0x000007feff5a0000 - 0x000007feff67b000 	C:\Windows\system32\ADVAPI32.dll
0x000007fefef70000 - 0x000007feff00f000 	C:\Windows\system32\msvcrt.dll
0x000007feff010000 - 0x000007feff02f000 	C:\Windows\SYSTEM32\sechost.dll
0x000007fefee40000 - 0x000007fefef6d000 	C:\Windows\system32\RPCRT4.dll
0x0000000077330000 - 0x000000007742a000 	C:\Windows\system32\USER32.dll
0x000007fefec20000 - 0x000007fefec87000 	C:\Windows\system32\GDI32.dll
0x000007fefe9a0000 - 0x000007fefe9ae000 	C:\Windows\system32\LPK.dll
0x000007fefd7d0000 - 0x000007fefd89a000 	C:\Windows\system32\USP10.dll
0x000007fef9610000 - 0x000007fef9804000 	C:\Windows\WinSxS\amd64_microsoft.windows.common-controls_6595b64144ccf1df_6.0.7601.18837_none_fa3b1e3d17594757\COMCTL32.dll
0x000007fefedc0000 - 0x000007fefee31000 	C:\Windows\system32\SHLWAPI.dll
0x000007fefe950000 - 0x000007fefe97e000 	C:\Windows\system32\IMM32.DLL
0x000007fefd8a0000 - 0x000007fefd9a9000 	C:\Windows\system32\MSCTF.dll
0x0000000075040000 - 0x0000000075078000 	C:\PROGRA~2\Sophos\SOPHOS~1\SOPHOS~2.DLL
0x0000000077710000 - 0x0000000077717000 	C:\Windows\system32\PSAPI.DLL
0x0000000051c00000 - 0x0000000051cd2000 	C:\Program Files\Java\jdk1.8.0_65\jre\bin\msvcr100.dll
0x0000000057fd0000 - 0x0000000058859000 	C:\Program Files\Java\jdk1.8.0_65\jre\bin\server\jvm.dll
0x000007fef80d0000 - 0x000007fef80d9000 	C:\Windows\system32\WSOCK32.dll
0x000007fefed70000 - 0x000007fefedbd000 	C:\Windows\system32\WS2_32.dll
0x000007feff220000 - 0x000007feff228000 	C:\Windows\system32\NSI.dll
0x000007fef8980000 - 0x000007fef89bb000 	C:\Windows\system32\WINMM.dll
0x000007fef9d80000 - 0x000007fef9d8c000 	C:\Windows\system32\VERSION.dll
0x0000000057ee0000 - 0x0000000057eef000 	C:\Program Files\Java\jdk1.8.0_65\jre\bin\verify.dll
0x0000000057eb0000 - 0x0000000057ed9000 	C:\Program Files\Java\jdk1.8.0_65\jre\bin\java.dll
0x0000000057e90000 - 0x0000000057ea6000 	C:\Program Files\Java\jdk1.8.0_65\jre\bin\zip.dll
0x000007fefdbc0000 - 0x000007fefe949000 	C:\Windows\system32\SHELL32.dll
0x000007fefd9b0000 - 0x000007fefdbb3000 	C:\Windows\system32\ole32.dll
0x000007fefd300000 - 0x000007fefd30f000 	C:\Windows\system32\profapi.dll

VM Arguments:
jvm_args: -Djava.awt.headless=true -Xmx1024M -Dfile.encoding=windows-1252 -Duser.country=DE -Duser.language=de -Duser.variant 
java_command: com.android.dx.command.Main --dex --num-threads=4 --output D:\Android_Studio_Projects\Shohrab\app\build\intermediates\pre-dexed\debug\com.android.support-appcompat-v7-23.1.1_0c96c5ffa4389d17e842d6aa0748a75ffd61df96.jar D:\Android_Studio_Projects\Shohrab\app\build\intermediates\exploded-aar\com.android.support\appcompat-v7\23.1.1\jars\classes.jar
java_class_path (initial): D:\l\AndroidStudio\sdk\build-tools\23.0.2\lib\dx.jar
Launcher Type: SUN_STANDARD

Environment Variables:



---------------  S Y S T E M  ---------------

OS: Windows 7 , 64 bit Build 7601 (6.1.7601.19110)

CPU:total 4 (2 cores per cpu, 2 threads per core) family 6 model 37 stepping 2, cmov, cx8, fxsr, mmx, sse, sse2, sse3, ssse3, sse4.1, sse4.2, popcnt, aes, clmul, ht, tsc, tscinvbit

Memory: 4k page, physical 5953356k(485148k free), swap 7383960k(5088k free)

vm_info: Java HotSpot(TM) 64-Bit Server VM (25.65-b01) for windows-amd64 JRE (1.8.0_65-b17), built on Oct  6 2015 16:39:20 by "java_re" with MS VC++ 10.0 (VS2010)

time: Mon Feb 01 15:43:06 2016
elapsed time: 14 seconds (0d 0h 0m 14s)

