#
# There is insufficient memory for the Java Runtime Environment to continue.
# Native memory allocation (malloc) failed to allocate 889056 bytes for Chunk::new
# Possible reasons:
#   The system is out of physical RAM or swap space
#   In 32 bit mode, the process size limit was hit
# Possible solutions:
#   Reduce memory load on the system
#   Increase physical memory or swap space
#   Check if swap backing store is full
#   Use 64 bit Java on a 64 bit OS
#   Decrease Java heap size (-Xmx/-Xms)
#   Decrease number of Java threads
#   Decrease Java thread stack sizes (-Xss)
#   Set larger code cache with -XX:ReservedCodeCacheSize=
# This output file may be truncated or incomplete.
#
#  Out of Memory Error (allocation.cpp:390), pid=9516, tid=9680
#
# JRE version: Java(TM) SE Runtime Environment (8.0_65-b17) (build 1.8.0_65-b17)
# Java VM: Java HotSpot(TM) 64-Bit Server VM (25.65-b01 mixed mode windows-amd64 compressed oops)
# Failed to write core dump. Minidumps are not enabled by default on client versions of Windows
#

---------------  T H R E A D  ---------------

Current thread (0x0000000014d67000):  JavaThread "C2 CompilerThread0" daemon [_thread_in_native, id=9680, stack(0x0000000016560000,0x0000000016660000)]

Stack: [0x0000000016560000,0x0000000016660000]
[error occurred during error reporting (printing stack bounds), id 0xc0000005]

Native frames: (J=compiled Java code, j=interpreted, Vv=VM code, C=native code)


Current CompileTask:
C2:  14987 1597       4       com.android.dx.rop.code.LocalVariableExtractor::processBlock (327 bytes)


---------------  P R O C E S S  ---------------

Java Threads: ( => current thread )
  0x0000000016c9f000 JavaThread "pool-1-thread-4" [_thread_blocked, id=9776, stack(0x0000000017eb0000,0x0000000017fb0000)]
  0x0000000016c9e000 JavaThread "pool-1-thread-3" [_thread_blocked, id=9772, stack(0x0000000017cc0000,0x0000000017dc0000)]
  0x0000000016b51800 JavaThread "pool-1-thread-2" [_thread_blocked, id=9768, stack(0x0000000016df0000,0x0000000016ef0000)]
  0x0000000016b50800 JavaThread "pool-2-thread-1" [_thread_blocked, id=9764, stack(0x0000000017a60000,0x0000000017b60000)]
  0x0000000016b4e800 JavaThread "pool-1-thread-1" [_thread_blocked, id=9760, stack(0x0000000017880000,0x0000000017980000)]
  0x0000000014d6f000 JavaThread "Service Thread" daemon [_thread_blocked, id=9692, stack(0x0000000016ca0000,0x0000000016da0000)]
  0x0000000014d6c800 JavaThread "C1 CompilerThread2" daemon [_thread_blocked, id=9688, stack(0x00000000167a0000,0x00000000168a0000)]
  0x0000000014d6b800 JavaThread "C2 CompilerThread1" daemon [_thread_in_native, id=9684, stack(0x0000000016240000,0x0000000016340000)]
=>0x0000000014d67000 JavaThread "C2 CompilerThread0" daemon [_thread_in_native, id=9680, stack(0x0000000016560000,0x0000000016660000)]
  0x0000000014d63800 JavaThread "Attach Listener" daemon [_thread_blocked, id=9676, stack(0x0000000016450000,0x0000000016550000)]
  0x0000000014d62800 JavaThread "Signal Dispatcher" daemon [_thread_blocked, id=9672, stack(0x0000000016350000,0x0000000016450000)]
  0x0000000014d01800 JavaThread "Finalizer" daemon [_thread_blocked, id=9660, stack(0x0000000015f80000,0x0000000016080000)]
  0x0000000014d00000 JavaThread "Reference Handler" daemon [_thread_blocked, id=9656, stack(0x00000000160e0000,0x00000000161e0000)]
  0x0000000001c5f800 JavaThread "main" [_thread_blocked, id=9604, stack(0x00000000021f0000,0x00000000022f0000)]

Other Threads:
  0x0000000014cfa800 VMThread [stack: 0x0000000015e80000,0x0000000015f80000] [id=9652]
  0x000000001693d000 WatcherThread [stack: 0x0000000016f10000,0x0000000017010000] [id=9704]

VM state:not at safepoint (normal execution)

VM Mutex/Monitor currently owned by a thread: None

Heap:
 PSYoungGen      total 51712K, used 11322K [0x00000000eab00000, 0x00000000ee100000, 0x0000000100000000)
  eden space 48128K, 16% used [0x00000000eab00000,0x00000000eb296a90,0x00000000eda00000)
  from space 3584K, 99% used [0x00000000edd80000,0x00000000ee0f8048,0x00000000ee100000)
  to   space 3584K, 0% used [0x00000000eda00000,0x00000000eda00000,0x00000000edd80000)
 ParOldGen       total 62976K, used 3484K [0x00000000c0000000, 0x00000000c3d80000, 0x00000000eab00000)
  object space 62976K, 5% used [0x00000000c0000000,0x00000000c0367048,0x00000000c3d80000)
 Metaspace       used 6184K, capacity 7024K, committed 7296K, reserved 1056768K
  class space    used 600K, capacity 616K, committed 640K, reserved 1048576K

Card table byte_map: [0x0000000011980000,0x0000000011b90000] byte_map_base: 0x0000000011380000

Marking Bits: (ParMarkBitMap*) 0x00000000587da5b0
 Begin Bits: [0x0000000012170000, 0x0000000013170000)
 End Bits:   [0x0000000013170000, 0x0000000014170000)

Polling page: 0x0000000000430000

CodeCache: size=245760Kb used=6646Kb max_used=6659Kb free=239113Kb
 bounds [0x00000000025c0000, 0x0000000002c50000, 0x00000000115c0000]
 total_blobs=1860 nmethods=1592 adapters=182
 compilation: enabled

Compilation events (10 events):
Event: 14.876 Thread 0x0000000014d67000 nmethod 1586 0x0000000002c3fe50 code [0x0000000002c40780, 0x0000000002c453a8]
Event: 14.879 Thread 0x0000000014d67000 1596       4       com.android.dx.rop.code.BasicBlockList::forEachInsn (39 bytes)
Event: 14.885 Thread 0x0000000014d67000 nmethod 1596 0x0000000002c1ffd0 code [0x0000000002c20120, 0x0000000002c203b8]
Event: 14.886 Thread 0x0000000014d67000 1597       4       com.android.dx.rop.code.LocalVariableExtractor::processBlock (327 bytes)
Event: 14.920 Thread 0x0000000014d6b800 nmethod 1595 0x0000000002c3cf10 code [0x0000000002c3d120, 0x0000000002c3e6d0]
Event: 14.955 Thread 0x0000000014d6c800 1598       3       com.android.dx.dex.file.CodeItem::<init> (81 bytes)
Event: 14.955 Thread 0x0000000014d6c800 nmethod 1598 0x0000000002c21e50 code [0x0000000002c22000, 0x0000000002c224f8]
Event: 14.956 Thread 0x0000000014d6b800 1600       4       com.android.dx.ssa.SsaBasicBlock::getRopLabelSuccessorList (57 bytes)
Event: 14.974 Thread 0x0000000014d6b800 nmethod 1600 0x0000000002c34c90 code [0x0000000002c34e20, 0x0000000002c35698]
Event: 14.974 Thread 0x0000000014d6b800 1599       4       com.android.dx.ssa.back.SsaToRop::convertBasicBlock (126 bytes)

GC Heap History (4 events):
Event: 5.049 GC heap before
{Heap before GC invocations=1 (full 0):
 PSYoungGen      total 27648K, used 24064K [0x00000000eab00000, 0x00000000ec980000, 0x0000000100000000)
  eden space 24064K, 100% used [0x00000000eab00000,0x00000000ec280000,0x00000000ec280000)
  from space 3584K, 0% used [0x00000000ec600000,0x00000000ec600000,0x00000000ec980000)
  to   space 3584K, 0% used [0x00000000ec280000,0x00000000ec280000,0x00000000ec600000)
 ParOldGen       total 62976K, used 0K [0x00000000c0000000, 0x00000000c3d80000, 0x00000000eab00000)
  object space 62976K, 0% used [0x00000000c0000000,0x00000000c0000000,0x00000000c3d80000)
 Metaspace       used 5895K, capacity 6832K, committed 7040K, reserved 1056768K
  class space    used 595K, capacity 616K, committed 640K, reserved 1048576K
Event: 5.500 GC heap after
Heap after GC invocations=1 (full 0):
 PSYoungGen      total 27648K, used 3568K [0x00000000eab00000, 0x00000000ee100000, 0x0000000100000000)
  eden space 24064K, 0% used [0x00000000eab00000,0x00000000eab00000,0x00000000ec280000)
  from space 3584K, 99% used [0x00000000ec280000,0x00000000ec5fc098,0x00000000ec600000)
  to   space 3584K, 0% used [0x00000000edd80000,0x00000000edd80000,0x00000000ee100000)
 ParOldGen       total 62976K, used 862K [0x00000000c0000000, 0x00000000c3d80000, 0x00000000eab00000)
  object space 62976K, 1% used [0x00000000c0000000,0x00000000c00d7af0,0x00000000c3d80000)
 Metaspace       used 5895K, capacity 6832K, committed 7040K, reserved 1056768K
  class space    used 595K, capacity 616K, committed 640K, reserved 1048576K
}
Event: 13.680 GC heap before
{Heap before GC invocations=2 (full 0):
 PSYoungGen      total 27648K, used 27632K [0x00000000eab00000, 0x00000000ee100000, 0x0000000100000000)
  eden space 24064K, 100% used [0x00000000eab00000,0x00000000ec280000,0x00000000ec280000)
  from space 3584K, 99% used [0x00000000ec280000,0x00000000ec5fc098,0x00000000ec600000)
  to   space 3584K, 0% used [0x00000000edd80000,0x00000000edd80000,0x00000000ee100000)
 ParOldGen       total 62976K, used 862K [0x00000000c0000000, 0x00000000c3d80000, 0x00000000eab00000)
  object space 62976K, 1% used [0x00000000c0000000,0x00000000c00d7af0,0x00000000c3d80000)
 Metaspace       used 6151K, capacity 7024K, committed 7296K, reserved 1056768K
  class space    used 600K, capacity 616K, committed 640K, reserved 1048576K
Event: 13.890 GC heap after
Heap after GC invocations=2 (full 0):
 PSYoungGen      total 51712K, used 3552K [0x00000000eab00000, 0x00000000ee100000, 0x0000000100000000)
  eden space 48128K, 0% used [0x00000000eab00000,0x00000000eab00000,0x00000000eda00000)
  from space 3584K, 99% used [0x00000000edd80000,0x00000000ee0f8048,0x00000000ee100000)
  to   space 3584K, 0% used [0x00000000eda00000,0x00000000eda00000,0x00000000edd80000)
 ParOldGen       total 62976K, used 3484K [0x00000000c0000000, 0x00000000c3d80000, 0x00000000eab00000)
  object space 62976K, 5% used [0x00000000c0000000,0x00000000c0367048,0x00000000c3d80000)
 Metaspace       used 6151K, capacity 7024K, committed 7296K, reserved 1056768K
  class space    used 600K, capacity 616K, committed 640K, reserved 1048576K
}

Deoptimization events (10 events):
Event: 3.267 Thread 0x0000000001c5f800 Uncommon trap: reason=unstable_if action=reinterpret pc=0x00000000027d6320 method=java.util.BitSet.nextSetBit(I)I @ 87
Event: 3.288 Thread 0x0000000001c5f800 Uncommon trap: reason=unstable_if action=reinterpret pc=0x00000000027d15cc method=java.util.HashMap.getNode(ILjava/lang/Object;)Ljava/util/HashMap$Node; @ 129
Event: 3.325 Thread 0x0000000001c5f800 Uncommon trap: reason=class_check action=maybe_recompile pc=0x00000000027f2ce0 method=com.android.dx.ssa.NormalSsaInsn.accept(Lcom/android/dx/ssa/SsaInsn$Visitor;)V @ 9
Event: 4.905 Thread 0x0000000016c9e000 Uncommon trap: reason=class_check action=maybe_recompile pc=0x000000000281e9b8 method=com.android.dx.rop.type.Type.equals(Ljava/lang/Object;)Z @ 8
Event: 4.905 Thread 0x0000000016c9e000 Uncommon trap: reason=class_check action=maybe_recompile pc=0x000000000281e9b8 method=com.android.dx.rop.type.Type.equals(Ljava/lang/Object;)Z @ 8
Event: 4.905 Thread 0x0000000016c9e000 Uncommon trap: reason=class_check action=maybe_recompile pc=0x000000000281e9b8 method=com.android.dx.rop.type.Type.equals(Ljava/lang/Object;)Z @ 8
Event: 4.906 Thread 0x0000000016c9e000 Uncommon trap: reason=class_check action=maybe_recompile pc=0x000000000281e9b8 method=com.android.dx.rop.type.Type.equals(Ljava/lang/Object;)Z @ 8
Event: 4.920 Thread 0x0000000016c9e000 Uncommon trap: reason=unstable_if action=reinterpret pc=0x0000000002907184 method=com.android.dx.rop.cst.Constant.compareTo(Lcom/android/dx/rop/cst/Constant;)I @ 12
Event: 4.999 Thread 0x0000000016c9f000 Uncommon trap: reason=unstable_if action=reinterpret pc=0x0000000002995cac method=com.android.dx.rop.code.LocalItem.hashCode()I @ 25
Event: 14.259 Thread 0x0000000016c9f000 Uncommon trap: reason=unstable_if action=reinterpret pc=0x0000000002ac7cb4 method=com.android.dx.ssa.SCCP.simulateStmt(Lcom/android/dx/ssa/SsaInsn;)V @ 53

Internal exceptions (2 events):
Event: 0.257 Thread 0x0000000001c5f800 Exception <a 'java/lang/NoSuchMethodError': Method sun.misc.Unsafe.defineClass(Ljava/lang/String;[BII)Ljava/lang/Class; name or signature does not match> (0x00000000eab0da90) thrown at [C:\workspace\8-2-build-windows-amd64-cygwin\jdk8u65\4987\hotspot\src\s·«µ+[xÐ?
Event: 0.257 Thread 0x0000000001c5f800 Exception <a 'java/lang/NoSuchMethodError': Method sun.misc.Unsafe.prefetchRead(Ljava/lang/Object;J)V name or signature does not match> (0x00000000eab0dd78) thrown at [C:\workspace\8-2-build-windows-amd64-cygwin\jdk8u65\4987\hotspot\src\share\vm\prims\jni.

Events (10 events):
Event: 12.400 loading class com/android/dx/dex/file/UniformListItem done
Event: 12.401 loading class com/android/dx/dex/file/AnnotationSetRefItem
Event: 12.401 loading class com/android/dx/dex/file/AnnotationSetRefItem done
Event: 12.713 loading class com/android/dx/cf/attrib/AttExceptions
Event: 12.713 loading class com/android/dx/cf/attrib/AttExceptions done
Event: 13.680 Executing VM operation: ParallelGCFailedAllocation
Event: 13.890 Executing VM operation: ParallelGCFailedAllocation done
Event: 14.259 Thread 0x0000000016c9f000 Uncommon trap: trap_request=0xffffff65 fr.pc=0x0000000002ac7cb4
Event: 14.259 Thread 0x0000000016c9f000 DEOPT PACKING pc=0x0000000002ac7cb4 sp=0x0000000017fae850
Event: 14.260 Thread 0x0000000016c9f000 DEOPT UNPACKING pc=0x000000000260582a sp=0x0000000017fae838 mode 2


Dynamic libraries:
0x000000013faf0000 - 0x000000013fb27000 	C:\Program Files\Java\jdk1.8.0_65\bin\java.exe
0x0000000077550000 - 0x00000000776f9000 	C:\Windows\SYSTEM32\ntdll.dll
0x0000000077430000 - 0x000000007754f000 	C:\Windows\system32\kernel32.dll
0x000007fefd3d0000 - 0x000007fefd43c000 	C:\Windows\system32\KERNELBASE.dll
0x000007feff5a0000 - 0x000007feff67b000 	C:\Windows\system32\ADVAPI32.dll
0x000007fefef70000 - 0x000007feff00f000 	C:\Windows\system32\msvcrt.dll
0x000007feff010000 - 0x000007feff02f000 	C:\Windows\SYSTEM32\sechost.dll
0x000007fefee40000 - 0x000007fefef6d000 	C:\Windows\system32\RPCRT4.dll
0x0000000077330000 - 0x000000007742a000 	C:\Windows\system32\USER32.dll
0x000007fefec20000 - 0x000007fefec87000 	C:\Windows\system32\GDI32.dll
0x000007fefe9a0000 - 0x000007fefe9ae000 	C:\Windows\system32\LPK.dll
0x000007fefd7d0000 - 0x000007fefd89a000 	C:\Windows\system32\USP10.dll
0x000007fef9610000 - 0x000007fef9804000 	C:\Windows\WinSxS\amd64_microsoft.windows.common-controls_6595b64144ccf1df_6.0.7601.18837_none_fa3b1e3d17594757\COMCTL32.dll
0x000007fefedc0000 - 0x000007fefee31000 	C:\Windows\system32\SHLWAPI.dll
0x000007fefe950000 - 0x000007fefe97e000 	C:\Windows\system32\IMM32.DLL
0x000007fefd8a0000 - 0x000007fefd9a9000 	C:\Windows\system32\MSCTF.dll
0x0000000075040000 - 0x0000000075078000 	C:\PROGRA~2\Sophos\SOPHOS~1\SOPHOS~2.DLL
0x0000000077710000 - 0x0000000077717000 	C:\Windows\system32\PSAPI.DLL
0x0000000051c00000 - 0x0000000051cd2000 	C:\Program Files\Java\jdk1.8.0_65\jre\bin\msvcr100.dll
0x0000000057fd0000 - 0x0000000058859000 	C:\Program Files\Java\jdk1.8.0_65\jre\bin\server\jvm.dll
0x000007fef80d0000 - 0x000007fef80d9000 	C:\Windows\system32\WSOCK32.dll
0x000007fefed70000 - 0x000007fefedbd000 	C:\Windows\system32\WS2_32.dll
0x000007feff220000 - 0x000007feff228000 	C:\Windows\system32\NSI.dll
0x000007fef8980000 - 0x000007fef89bb000 	C:\Windows\system32\WINMM.dll
0x000007fef9d80000 - 0x000007fef9d8c000 	C:\Windows\system32\VERSION.dll
0x0000000057ee0000 - 0x0000000057eef000 	C:\Program Files\Java\jdk1.8.0_65\jre\bin\verify.dll
0x0000000057eb0000 - 0x0000000057ed9000 	C:\Program Files\Java\jdk1.8.0_65\jre\bin\java.dll
0x0000000057e90000 - 0x0000000057ea6000 	C:\Program Files\Java\jdk1.8.0_65\jre\bin\zip.dll
0x000007fefdbc0000 - 0x000007fefe949000 	C:\Windows\system32\SHELL32.dll
0x000007fefd9b0000 - 0x000007fefdbb3000 	C:\Windows\system32\ole32.dll
0x000007fefd300000 - 0x000007fefd30f000 	C:\Windows\system32\profapi.dll

VM Arguments:
jvm_args: -Djava.awt.headless=true -Xmx1024M -Dfile.encoding=windows-1252 -Duser.country=DE -Duser.language=de -Duser.variant 
java_command: com.android.dx.command.Main --dex --num-threads=4 --output D:\Android_Studio_Projects\Shohrab\app\build\intermediates\pre-dexed\debug\internal_impl-23.1.1_51b341d0df843773d7f1a15cb5ddfc462847f20a.jar D:\Android_Studio_Projects\Shohrab\app\build\intermediates\exploded-aar\com.android.support\support-v4\23.1.1\jars\libs\internal_impl-23.1.1.jar
java_class_path (initial): D:\l\AndroidStudio\sdk\build-tools\23.0.2\lib\dx.jar
Launcher Type: SUN_STANDARD

Environment Variables:
JAVA_HOME=C:\Program Files\Java\jdk1.8.0_65
PATH=C:\Windows\system32;C:\Windows;C:\Windows\System32\Wbem;C:\Windows\System32\WindowsPowerShell\v1.0\;C:\Program Files\WIDCOMM\Bluetooth Software\;C:\Program Files\WIDCOMM\Bluetooth Software\syswow64;C:\Program Files\Intel\WiFi\bin\;C:\Program Files\Common Files\Intel\WirelessCommon\;C:\Program Files (x86)\Common Files\Roxio Shared\10.0\DLLShared\;C:\Program Files (x86)\Novell\ZENworks\bin;c:\matlab\2013a\runtime\win64;c:\matlab\2013a\bin;c:\Python27_64;C:\Program Files\TortoiseSVN\bin;C:\Program Files\Java\jdk1.8.0_65\bin;C:\Program Files (x86)\CodeBlocks\MinGW\bin;C:\apache-tomcat-7.0.54\bin;C:\Users\shohrab.uddin\Downloads\apache-maven-3.2.2-bin\apache-maven-3.2.2\bin;C:\Program Files (x86)\MySQL\MySQL Utilities 1.4.3\;C:\Program Files (x86)\MySQL\MySQL Utilities 1.4.3\Doctrine extensions for PHP\;D:\Program Files\MATLAB\R2008a\bin;D:\Program Files\MATLAB\R2008a\bin\win64;C:\Program Files (x86)\Skype\Phone\;D:\MongoDB3.2\bin;H:\apache-maven-3.3.9\bin;D:\Program Files\nodejs\;C:\Users\shohrab.uddin\AppData\Roaming\npm
USERNAME=shohrab.uddin
OS=Windows_NT
PROCESSOR_IDENTIFIER=Intel64 Family 6 Model 37 Stepping 2, GenuineIntel



---------------  S Y S T E M  ---------------

OS: Windows 7 , 64 bit Build 7601 (6.1.7601.19110)

CPU:total 4 (2 cores per cpu, 2 threads per core) family 6 model 37 stepping 2, cmov, cx8, fxsr, mmx, sse, sse2, sse3, ssse3, sse4.1, sse4.2, popcnt, aes, clmul, ht, tsc, tscinvbit

Memory: 4k page, physical 5953356k(485124k free), swap 7383960k(5296k free)

vm_info: Java HotSpot(TM) 64-Bit Server VM (25.65-b01) for windows-amd64 JRE (1.8.0_65-b17), built on Oct  6 2015 16:39:20 by "java_re" with MS VC++ 10.0 (VS2010)

time: Mon Feb 01 15:43:06 2016
elapsed time: 14 seconds (0d 0h 0m 14s)

